{"C:\\Estudos\\projetos\\doctorApp\\app\\src\\components\\AppointmentCard\\AppointmentCard.tsx": {"path":"C:\\Estudos\\projetos\\doctorApp\\app\\src\\components\\AppointmentCard\\AppointmentCard.tsx","statementMap":{"0":{"start":{"line":15,"column":2},"end":{"line":35,"column":4}},"1":{"start":{"line":17,"column":21},"end":{"line":17,"column":57}}},"fnMap":{"0":{"name":"AppointmentCard","decl":{"start":{"line":11,"column":16},"end":{"line":11,"column":31}},"loc":{"start":{"line":14,"column":25},"end":{"line":36,"column":1}},"line":14},"1":{"name":"(anonymous_1)","decl":{"start":{"line":17,"column":15},"end":{"line":17,"column":16}},"loc":{"start":{"line":17,"column":21},"end":{"line":17,"column":57}},"line":17}},"branchMap":{},"s":{"0":2,"1":1},"f":{"0":2,"1":1},"b":{},"_coverageSchema":"1a1c01bbd47fc00a2c39e90264f33305004495a9","hash":"eb23ca6ae2d3b5ec3a06d56b6c86c63724bc357c"}
,"C:\\Estudos\\projetos\\doctorApp\\app\\src\\components\\AppointmentCard\\styles.ts": {"path":"C:\\Estudos\\projetos\\doctorApp\\app\\src\\components\\AppointmentCard\\styles.ts","statementMap":{"0":{"start":{"line":3,"column":25},"end":{"line":8,"column":1}},"1":{"start":{"line":10,"column":23},"end":{"line":13,"column":1}},"2":{"start":{"line":15,"column":22},"end":{"line":19,"column":1}}},"fnMap":{},"branchMap":{},"s":{"0":1,"1":1,"2":1},"f":{},"b":{},"_coverageSchema":"1a1c01bbd47fc00a2c39e90264f33305004495a9","hash":"27e945af65900116b36528eea8c6c45b4f48f258"}
,"C:\\Estudos\\projetos\\doctorApp\\app\\src\\components\\atomic\\Text.ts": {"path":"C:\\Estudos\\projetos\\doctorApp\\app\\src\\components\\atomic\\Text.ts","statementMap":{"0":{"start":{"line":12,"column":20},"end":{"line":27,"column":1}},"1":{"start":{"line":13,"column":17},"end":{"line":26,"column":3}},"2":{"start":{"line":15,"column":6},"end":{"line":15,"column":52}},"3":{"start":{"line":18,"column":6},"end":{"line":18,"column":61}},"4":{"start":{"line":21,"column":6},"end":{"line":21,"column":45}},"5":{"start":{"line":23,"column":41},"end":{"line":23,"column":53}},"6":{"start":{"line":25,"column":31},"end":{"line":25,"column":46}}},"fnMap":{"0":{"name":"(anonymous_0)","decl":{"start":{"line":13,"column":4},"end":{"line":13,"column":5}},"loc":{"start":{"line":13,"column":17},"end":{"line":26,"column":3}},"line":13},"1":{"name":"(anonymous_1)","decl":{"start":{"line":14,"column":19},"end":{"line":14,"column":20}},"loc":{"start":{"line":15,"column":6},"end":{"line":15,"column":52}},"line":15},"2":{"name":"(anonymous_2)","decl":{"start":{"line":17,"column":13},"end":{"line":17,"column":14}},"loc":{"start":{"line":18,"column":6},"end":{"line":18,"column":61}},"line":18},"3":{"name":"(anonymous_3)","decl":{"start":{"line":20,"column":17},"end":{"line":20,"column":18}},"loc":{"start":{"line":21,"column":6},"end":{"line":21,"column":45}},"line":21},"4":{"name":"(anonymous_4)","decl":{"start":{"line":23,"column":15},"end":{"line":23,"column":16}},"loc":{"start":{"line":23,"column":41},"end":{"line":23,"column":53}},"line":23},"5":{"name":"(anonymous_5)","decl":{"start":{"line":25,"column":18},"end":{"line":25,"column":19}},"loc":{"start":{"line":25,"column":31},"end":{"line":25,"column":46}},"line":25}},"branchMap":{"0":{"loc":{"start":{"line":15,"column":6},"end":{"line":15,"column":52}},"type":"cond-expr","locations":[{"start":{"line":15,"column":15},"end":{"line":15,"column":35}},{"start":{"line":15,"column":38},"end":{"line":15,"column":52}}],"line":15},"1":{"loc":{"start":{"line":18,"column":6},"end":{"line":18,"column":61}},"type":"binary-expr","locations":[{"start":{"line":18,"column":7},"end":{"line":18,"column":12}},{"start":{"line":18,"column":16},"end":{"line":18,"column":35}},{"start":{"line":18,"column":40},"end":{"line":18,"column":61}}],"line":18},"2":{"loc":{"start":{"line":21,"column":6},"end":{"line":21,"column":45}},"type":"cond-expr","locations":[{"start":{"line":21,"column":13},"end":{"line":21,"column":36}},{"start":{"line":21,"column":39},"end":{"line":21,"column":45}}],"line":21},"3":{"loc":{"start":{"line":23,"column":41},"end":{"line":23,"column":53}},"type":"binary-expr","locations":[{"start":{"line":23,"column":41},"end":{"line":23,"column":48}},{"start":{"line":23,"column":52},"end":{"line":23,"column":53}}],"line":23},"4":{"loc":{"start":{"line":25,"column":31},"end":{"line":25,"column":46}},"type":"binary-expr","locations":[{"start":{"line":25,"column":31},"end":{"line":25,"column":36}},{"start":{"line":25,"column":40},"end":{"line":25,"column":46}}],"line":25}},"s":{"0":2,"1":12,"2":12,"3":12,"4":12,"5":12,"6":12},"f":{"0":12,"1":12,"2":12,"3":12,"4":12,"5":12},"b":{"0":[2,10],"1":[12,0,12],"2":[2,10],"3":[12,12],"4":[12,12]},"_coverageSchema":"1a1c01bbd47fc00a2c39e90264f33305004495a9","hash":"789d944c50695617cb8b344613d2c54ee9c2c547"}
,"C:\\Estudos\\projetos\\doctorApp\\app\\src\\constants\\index.ts": {"path":"C:\\Estudos\\projetos\\doctorApp\\app\\src\\constants\\index.ts","statementMap":{"0":{"start":{"line":1,"column":34},"end":{"line":8,"column":1}}},"fnMap":{},"branchMap":{},"s":{"0":1},"f":{},"b":{},"_coverageSchema":"1a1c01bbd47fc00a2c39e90264f33305004495a9","hash":"214fe8bf3b5dac6334c46f23125b3f7557e1f962"}
,"C:\\Estudos\\projetos\\doctorApp\\app\\src\\screens\\App\\NotificationsScreen\\components\\Card\\Card.tsx": {"path":"C:\\Estudos\\projetos\\doctorApp\\app\\src\\screens\\App\\NotificationsScreen\\components\\Card\\Card.tsx","statementMap":{"0":{"start":{"line":9,"column":2},"end":{"line":29,"column":4}}},"fnMap":{"0":{"name":"Card","decl":{"start":{"line":8,"column":16},"end":{"line":8,"column":20}},"loc":{"start":{"line":8,"column":57},"end":{"line":30,"column":1}},"line":8}},"branchMap":{},"s":{"0":1},"f":{"0":1},"b":{},"_coverageSchema":"1a1c01bbd47fc00a2c39e90264f33305004495a9","hash":"34c3e3780af2929484cf9b302c3aefda936a9ec2"}
,"C:\\Estudos\\projetos\\doctorApp\\app\\src\\screens\\App\\NotificationsScreen\\components\\Card\\styles.ts": {"path":"C:\\Estudos\\projetos\\doctorApp\\app\\src\\screens\\App\\NotificationsScreen\\components\\Card\\styles.ts","statementMap":{"0":{"start":{"line":3,"column":25},"end":{"line":11,"column":1}},"1":{"start":{"line":13,"column":23},"end":{"line":17,"column":1}}},"fnMap":{},"branchMap":{},"s":{"0":1,"1":1},"f":{},"b":{},"_coverageSchema":"1a1c01bbd47fc00a2c39e90264f33305004495a9","hash":"7ce9e2d1c1e9b84b37aac6482f47fcb9f0000c42"}
,"C:\\Estudos\\projetos\\doctorApp\\app\\src\\theme\\index.ts": {"path":"C:\\Estudos\\projetos\\doctorApp\\app\\src\\theme\\index.ts","statementMap":{},"fnMap":{},"branchMap":{},"s":{},"f":{},"b":{},"_coverageSchema":"1a1c01bbd47fc00a2c39e90264f33305004495a9","hash":"5c162e5cee5e9af0d988dda5389350518a66d098"}
,"C:\\Estudos\\projetos\\doctorApp\\app\\src\\utils\\formatDate.ts": {"path":"C:\\Estudos\\projetos\\doctorApp\\app\\src\\utils\\formatDate.ts","statementMap":{"0":{"start":{"line":4,"column":2},"end":{"line":4,"column":79}}},"fnMap":{"0":{"name":"formatDate","decl":{"start":{"line":3,"column":24},"end":{"line":3,"column":34}},"loc":{"start":{"line":3,"column":60},"end":{"line":5,"column":1}},"line":3}},"branchMap":{},"s":{"0":2},"f":{"0":2},"b":{},"_coverageSchema":"1a1c01bbd47fc00a2c39e90264f33305004495a9","hash":"112c14a318292735472cf8df16514943e9fb6bfc"}
}
