TN:
SF:src\components\AppointmentCard\AppointmentCard.tsx
FN:11,AppointmentCard
FN:17,(anonymous_1)
FNF:2
FNH:2
FNDA:2,AppointmentCard
FNDA:1,(anonymous_1)
DA:15,2
DA:17,1
LF:2
LH:2
BRF:0
BRH:0
end_of_record
TN:
SF:src\components\AppointmentCard\styles.ts
FNF:0
FNH:0
DA:3,1
DA:10,1
DA:15,1
LF:3
LH:3
BRF:0
BRH:0
end_of_record
TN:
SF:src\components\atomic\Text.ts
FN:13,(anonymous_0)
FN:14,(anonymous_1)
FN:17,(anonymous_2)
FN:20,(anonymous_3)
FN:23,(anonymous_4)
FN:25,(anonymous_5)
FNF:6
FNH:6
FNDA:12,(anonymous_0)
FNDA:12,(anonymous_1)
FNDA:12,(anonymous_2)
FNDA:12,(anonymous_3)
FNDA:12,(anonymous_4)
FNDA:12,(anonymous_5)
DA:12,2
DA:13,12
DA:15,12
DA:18,12
DA:21,12
DA:23,12
DA:25,12
LF:7
LH:7
BRDA:15,0,0,2
BRDA:15,0,1,10
BRDA:18,1,0,12
BRDA:18,1,1,0
BRDA:18,1,2,12
BRDA:21,2,0,2
BRDA:21,2,1,10
BRDA:23,3,0,12
BRDA:23,3,1,12
BRDA:25,4,0,12
BRDA:25,4,1,12
BRF:11
BRH:10
end_of_record
TN:
SF:src\constants\index.ts
FNF:0
FNH:0
DA:1,1
LF:1
LH:1
BRF:0
BRH:0
end_of_record
TN:
SF:src\screens\App\NotificationsScreen\components\Card\Card.tsx
FN:8,Card
FNF:1
FNH:1
FNDA:1,Card
DA:9,1
LF:1
LH:1
BRF:0
BRH:0
end_of_record
TN:
SF:src\screens\App\NotificationsScreen\components\Card\styles.ts
FNF:0
FNH:0
DA:3,1
DA:13,1
LF:2
LH:2
BRF:0
BRH:0
end_of_record
TN:
SF:src\theme\index.ts
FNF:0
FNH:0
LF:0
LH:0
BRF:0
BRH:0
end_of_record
TN:
SF:src\utils\formatDate.ts
FN:3,formatDate
FNF:1
FNH:1
FNDA:2,formatDate
DA:4,2
LF:1
LH:1
BRF:0
BRH:0
end_of_record
